<?xml version="1.0" encoding="UTF-8"?>
<!-- Generated by org.testng.reporters.JUnitXMLReporter -->
<testsuite ignored="0" hostname="LAPTOP-1UNUKR91" failures="0" tests="4" name="Extend_Report" time="12.135" errors="0" timestamp="2024-08-26T07:27:32 IST">
  <testcase classname="testscript.LoginPageTest" name="verifyValidUsernameandPassword" time="1.699"/>
  <testcase classname="testscript.LoginPageTest" name="verifyInValidUsernameandValidPassword" time="0.559"/>
  <testcase classname="testscript.LoginPageTest" name="verifyValidUsernameandInValidPassword" time="0.533"/>
  <testcase classname="testscript.LoginPageTest" name="verifyInValidUsernameandInValidPassword" time="0.543"/>
</testsuite> <!-- Extend_Report -->
