<?xml version="1.0" encoding="UTF-8"?>
<!-- Generated by org.testng.reporters.JUnitXMLReporter -->
<testsuite ignored="3" hostname="LAPTOP-1UNUKR91" failures="0" tests="1" name="parameter" time="4.919" errors="0" timestamp="2024-08-26T08:00:27 IST">
  <testcase classname="testscript.LoginPageTest" name="verifyInValidUsernameandValidPassword" time="0.646"/>
  <testcase classname="testscript.LoginPageTest" name="verifyValidUsernameandPassword" time="0.0">
    <ignored/>
  </testcase> <!-- verifyValidUsernameandPassword -->
  <testcase classname="testscript.LoginPageTest" name="verifyValidUsernameandInValidPassword" time="0.0">
    <ignored/>
  </testcase> <!-- verifyValidUsernameandInValidPassword -->
  <testcase classname="testscript.LoginPageTest" name="verifyInValidUsernameandInValidPassword" time="0.0">
    <ignored/>
  </testcase> <!-- verifyInValidUsernameandInValidPassword -->
</testsuite> <!-- parameter -->
