<?xml version="1.0" encoding="UTF-8"?>
<testng-results ignored="0" total="1" passed="1" failed="0" skipped="0">
  <reporter-output>
  </reporter-output>
  <suite started-at="2024-08-12T08:09:25 IST" name="Default suite" finished-at="2024-08-12T08:09:29 IST" duration-ms="4690">
    <groups>
    </groups>
    <test started-at="2024-08-12T08:09:25 IST" name="Default test" finished-at="2024-08-12T08:09:29 IST" duration-ms="4690">
      <class name="testscript.LoginPageTest">
        <test-method is-config="true" signature="beforeMethod()[pri:0, instance:testscript.LoginPageTest@1613674b]" started-at="2024-08-12T08:09:25 IST" name="beforeMethod" finished-at="2024-08-12T08:09:28 IST" duration-ms="3715" status="PASS">
          <reporter-output>
          </reporter-output>
        </test-method> <!-- beforeMethod -->
        <test-method signature="verifyEnterValidUsernameandPassword()[pri:0, instance:testscript.LoginPageTest@1613674b]" started-at="2024-08-12T08:09:28 IST" name="verifyEnterValidUsernameandPassword" finished-at="2024-08-12T08:09:29 IST" duration-ms="928" status="PASS">
          <reporter-output>
          </reporter-output>
        </test-method> <!-- verifyEnterValidUsernameandPassword -->
        <test-method is-config="true" signature="afterMethod()[pri:0, instance:testscript.LoginPageTest@1613674b]" started-at="2024-08-12T08:09:29 IST" name="afterMethod" finished-at="2024-08-12T08:09:29 IST" duration-ms="0" status="PASS">
          <reporter-output>
          </reporter-output>
        </test-method> <!-- afterMethod -->
      </class> <!-- testscript.LoginPageTest -->
    </test> <!-- Default test -->
  </suite> <!-- Default suite -->
</testng-results>
